2021-07-26 11:31:52,825 INFO [main] com.aziarets.vividapp.VividApp Starting VividApp using Java 14.0.1 on Comp with PID 7836 (C:\IdeaProjects\bot\target\classes started by Home in C:\IdeaProjects\bot)
2021-07-26 11:31:52,839 INFO [main] com.aziarets.vividapp.VividApp No active profile set, falling back to default profiles: default
2021-07-26 11:31:54,445 INFO [main] org.springframework.data.repository.config.RepositoryConfigurationDelegate Bootstrapping Spring Data JPA repositories in DEFAULT mode.
2021-07-26 11:31:54,488 INFO [main] org.springframework.data.repository.config.RepositoryConfigurationDelegate Finished Spring Data repository scanning in 25 ms. Found 0 JPA repository interfaces.
2021-07-26 11:31:55,530 INFO [main] org.springframework.boot.web.embedded.tomcat.TomcatWebServer Tomcat initialized with port(s): 8080 (http)
2021-07-26 11:31:55,546 INFO [main] org.apache.coyote.http11.Http11NioProtocol Initializing ProtocolHandler ["http-nio-8080"]
2021-07-26 11:31:55,548 INFO [main] org.apache.catalina.core.StandardService Starting service [Tomcat]
2021-07-26 11:31:55,548 INFO [main] org.apache.catalina.core.StandardEngine Starting Servlet engine: [Apache Tomcat/9.0.48]
2021-07-26 11:31:55,762 INFO [main] org.apache.catalina.core.ContainerBase.[Tomcat].[localhost].[/] Initializing Spring embedded WebApplicationContext
2021-07-26 11:31:55,764 INFO [main] org.springframework.boot.web.servlet.context.ServletWebServerApplicationContext Root WebApplicationContext: initialization completed in 2740 ms
2021-07-26 11:31:56,500 INFO [MLog-Init-Reporter] com.mchange.v2.log.MLog MLog clients using slf4j logging.
2021-07-26 11:31:56,593 INFO [main] com.mchange.v2.c3p0.C3P0Registry Initializing c3p0-0.9.5.5 [built 11-December-2019 22:18:33 -0800; debug? true; trace: 10]
2021-07-26 11:31:56,717 INFO [main] org.flywaydb.core.internal.license.VersionPrinter Flyway Community Edition 7.10.0 by Redgate
2021-07-26 11:31:56,769 INFO [main] com.mchange.v2.c3p0.impl.AbstractPoolBackedDataSource Initializing c3p0 pool... com.mchange.v2.c3p0.ComboPooledDataSource [ acquireIncrement -> 3, acquireRetryAttempts -> 30, acquireRetryDelay -> 1000, autoCommitOnClose -> false, automaticTestTable -> null, breakAfterAcquireFailure -> false, checkoutTimeout -> 0, connectionCustomizerClassName -> null, connectionTesterClassName -> com.mchange.v2.c3p0.impl.DefaultConnectionTester, contextClassLoaderSource -> caller, dataSourceName -> 1hgekrbai1qovee4w7orm2|35d26ad2, debugUnreturnedConnectionStackTraces -> false, description -> null, driverClass -> org.postgresql.Driver, extensions -> {}, factoryClassLocation -> null, forceIgnoreUnresolvedTransactions -> false, forceSynchronousCheckins -> false, forceUseNamedDriverClass -> false, identityToken -> 1hgekrbai1qovee4w7orm2|35d26ad2, idleConnectionTestPeriod -> 0, initialPoolSize -> 3, jdbcUrl -> jdbc:postgresql://localhost/vivid, maxAdministrativeTaskTime -> 0, maxConnectionAge -> 0, maxIdleTime -> 0, maxIdleTimeExcessConnections -> 0, maxPoolSize -> 10, maxStatements -> 0, maxStatementsPerConnection -> 0, minPoolSize -> 3, numHelperThreads -> 3, preferredTestQuery -> null, privilegeSpawnedThreads -> false, properties -> {password=******, user=******}, propertyCycle -> 0, statementCacheNumDeferredCloseThreads -> 0, testConnectionOnCheckin -> false, testConnectionOnCheckout -> false, unreturnedConnectionTimeout -> 0, userOverrides -> {}, usesTraditionalReflectiveProxies -> false ]
2021-07-26 11:31:57,232 INFO [main] org.flywaydb.core.internal.database.base.BaseDatabaseType Database: jdbc:postgresql://localhost/vivid (PostgreSQL 13.2)
2021-07-26 11:31:57,397 INFO [main] org.flywaydb.core.internal.command.DbValidate Successfully validated 5 migrations (execution time 00:00.070s)
2021-07-26 11:31:57,412 INFO [main] org.flywaydb.core.internal.command.DbMigrate Current version of schema "public": 5
2021-07-26 11:31:57,414 INFO [main] org.flywaydb.core.internal.command.DbMigrate Schema "public" is up to date. No migration necessary.
2021-07-26 11:31:57,611 INFO [main] org.hibernate.Version HHH000412: Hibernate ORM core version 5.4.32.Final
2021-07-26 11:31:57,982 INFO [main] org.hibernate.annotations.common.Version HCANN000001: Hibernate Commons Annotations {5.1.2.Final}
2021-07-26 11:31:58,213 INFO [main] org.hibernate.dialect.Dialect HHH000400: Using dialect: org.hibernate.dialect.PostgreSQL10Dialect
2021-07-26 11:31:59,653 INFO [main] org.hibernate.engine.transaction.jta.platform.internal.JtaPlatformInitiator HHH000490: Using JtaPlatform implementation: [org.hibernate.engine.transaction.jta.platform.internal.NoJtaPlatform]
2021-07-26 11:31:59,798 WARN [main] org.springframework.boot.autoconfigure.orm.jpa.JpaBaseConfiguration$JpaWebConfiguration spring.jpa.open-in-view is enabled by default. Therefore, database queries may be performed during view rendering. Explicitly configure spring.jpa.open-in-view to disable this warning
2021-07-26 11:32:04,682 WARN [main] org.springframework.boot.web.servlet.context.AnnotationConfigServletWebServerApplicationContext Exception encountered during context initialization - cancelling refresh attempt: org.springframework.beans.factory.BeanCreationException: Error creating bean with name 'springSecurityFilterChain' defined in class path resource [org/springframework/security/config/annotation/web/configuration/WebSecurityConfiguration.class]: Bean instantiation via factory method failed; nested exception is org.springframework.beans.BeanInstantiationException: Failed to instantiate [javax.servlet.Filter]: Factory method 'springSecurityFilterChain' threw exception; nested exception is java.lang.IllegalArgumentException: 'loginPage.html?error' is not a valid redirect URL
2021-07-26 11:32:04,702 INFO [main] org.apache.catalina.core.StandardService Stopping service [Tomcat]
2021-07-26 11:32:04,741 INFO [main] org.springframework.boot.autoconfigure.logging.ConditionEvaluationReportLoggingListener 

Error starting ApplicationContext. To display the conditions report re-run your application with 'debug' enabled.
2021-07-26 11:32:04,788 ERROR [main] org.springframework.boot.SpringApplication Application run failed
org.springframework.beans.factory.BeanCreationException: Error creating bean with name 'springSecurityFilterChain' defined in class path resource [org/springframework/security/config/annotation/web/configuration/WebSecurityConfiguration.class]: Bean instantiation via factory method failed; nested exception is org.springframework.beans.BeanInstantiationException: Failed to instantiate [javax.servlet.Filter]: Factory method 'springSecurityFilterChain' threw exception; nested exception is java.lang.IllegalArgumentException: 'loginPage.html?error' is not a valid redirect URL
	at org.springframework.beans.factory.support.ConstructorResolver.instantiate(ConstructorResolver.java:658) ~[spring-beans-5.3.8.jar:5.3.8]
	at org.springframework.beans.factory.support.ConstructorResolver.instantiateUsingFactoryMethod(ConstructorResolver.java:486) ~[spring-beans-5.3.8.jar:5.3.8]
	at org.springframework.beans.factory.support.AbstractAutowireCapableBeanFactory.instantiateUsingFactoryMethod(AbstractAutowireCapableBeanFactory.java:1334) ~[spring-beans-5.3.8.jar:5.3.8]
	at org.springframework.beans.factory.support.AbstractAutowireCapableBeanFactory.createBeanInstance(AbstractAutowireCapableBeanFactory.java:1177) ~[spring-beans-5.3.8.jar:5.3.8]
	at org.springframework.beans.factory.support.AbstractAutowireCapableBeanFactory.doCreateBean(AbstractAutowireCapableBeanFactory.java:564) ~[spring-beans-5.3.8.jar:5.3.8]
	at org.springframework.beans.factory.support.AbstractAutowireCapableBeanFactory.createBean(AbstractAutowireCapableBeanFactory.java:524) ~[spring-beans-5.3.8.jar:5.3.8]
	at org.springframework.beans.factory.support.AbstractBeanFactory.lambda$doGetBean$0(AbstractBeanFactory.java:335) ~[spring-beans-5.3.8.jar:5.3.8]
	at org.springframework.beans.factory.support.DefaultSingletonBeanRegistry.getSingleton(DefaultSingletonBeanRegistry.java:234) ~[spring-beans-5.3.8.jar:5.3.8]
	at org.springframework.beans.factory.support.AbstractBeanFactory.doGetBean(AbstractBeanFactory.java:333) ~[spring-beans-5.3.8.jar:5.3.8]
	at org.springframework.beans.factory.support.AbstractBeanFactory.getBean(AbstractBeanFactory.java:208) ~[spring-beans-5.3.8.jar:5.3.8]
	at org.springframework.beans.factory.support.AbstractBeanFactory.doGetBean(AbstractBeanFactory.java:322) ~[spring-beans-5.3.8.jar:5.3.8]
	at org.springframework.beans.factory.support.AbstractBeanFactory.getBean(AbstractBeanFactory.java:208) ~[spring-beans-5.3.8.jar:5.3.8]
	at org.springframework.beans.factory.support.DefaultListableBeanFactory.preInstantiateSingletons(DefaultListableBeanFactory.java:944) ~[spring-beans-5.3.8.jar:5.3.8]
	at org.springframework.context.support.AbstractApplicationContext.finishBeanFactoryInitialization(AbstractApplicationContext.java:918) ~[spring-context-5.3.8.jar:5.3.8]
	at org.springframework.context.support.AbstractApplicationContext.refresh(AbstractApplicationContext.java:583) ~[spring-context-5.3.8.jar:5.3.8]
	at org.springframework.boot.web.servlet.context.ServletWebServerApplicationContext.refresh(ServletWebServerApplicationContext.java:145) ~[spring-boot-2.5.2.jar:2.5.2]
	at org.springframework.boot.SpringApplication.refresh(SpringApplication.java:754) ~[spring-boot-2.5.2.jar:2.5.2]
	at org.springframework.boot.SpringApplication.refreshContext(SpringApplication.java:434) ~[spring-boot-2.5.2.jar:2.5.2]
	at org.springframework.boot.SpringApplication.run(SpringApplication.java:338) ~[spring-boot-2.5.2.jar:2.5.2]
	at org.springframework.boot.SpringApplication.run(SpringApplication.java:1343) ~[spring-boot-2.5.2.jar:2.5.2]
	at org.springframework.boot.SpringApplication.run(SpringApplication.java:1332) ~[spring-boot-2.5.2.jar:2.5.2]
	at com.aziarets.vividapp.VividApp.main(VividApp.java:16) ~[classes/:na]
Caused by: org.springframework.beans.BeanInstantiationException: Failed to instantiate [javax.servlet.Filter]: Factory method 'springSecurityFilterChain' threw exception; nested exception is java.lang.IllegalArgumentException: 'loginPage.html?error' is not a valid redirect URL
	at org.springframework.beans.factory.support.SimpleInstantiationStrategy.instantiate(SimpleInstantiationStrategy.java:185) ~[spring-beans-5.3.8.jar:5.3.8]
	at org.springframework.beans.factory.support.ConstructorResolver.instantiate(ConstructorResolver.java:653) ~[spring-beans-5.3.8.jar:5.3.8]
	... 21 common frames omitted
Caused by: java.lang.IllegalArgumentException: 'loginPage.html?error' is not a valid redirect URL
	at org.springframework.util.Assert.isTrue(Assert.java:139) ~[spring-core-5.3.8.jar:5.3.8]
	at org.springframework.security.web.authentication.SimpleUrlAuthenticationFailureHandler.setDefaultFailureUrl(SimpleUrlAuthenticationFailureHandler.java:123) ~[spring-security-web-5.5.1.jar:5.5.1]
	at org.springframework.security.web.authentication.SimpleUrlAuthenticationFailureHandler.<init>(SimpleUrlAuthenticationFailureHandler.java:66) ~[spring-security-web-5.5.1.jar:5.5.1]
	at org.springframework.security.config.annotation.web.configurers.AbstractAuthenticationFilterConfigurer.failureUrl(AbstractAuthenticationFilterConfigurer.java:210) ~[spring-security-config-5.5.1.jar:5.5.1]
	at org.springframework.security.config.annotation.web.configurers.AbstractAuthenticationFilterConfigurer.updateAuthenticationDefaults(AbstractAuthenticationFilterConfigurer.java:379) ~[spring-security-config-5.5.1.jar:5.5.1]
	at org.springframework.security.config.annotation.web.configurers.AbstractAuthenticationFilterConfigurer.loginPage(AbstractAuthenticationFilterConfigurer.java:309) ~[spring-security-config-5.5.1.jar:5.5.1]
	at org.springframework.security.config.annotation.web.configurers.FormLoginConfigurer.loginPage(FormLoginConfigurer.java:182) ~[spring-security-config-5.5.1.jar:5.5.1]
	at com.aziarets.vividapp.config.SecurityConfig.configure(SecurityConfig.java:63) ~[classes/:na]
	at org.springframework.security.config.annotation.web.configuration.WebSecurityConfigurerAdapter.getHttp(WebSecurityConfigurerAdapter.java:217) ~[spring-security-config-5.5.1.jar:5.5.1]
	at org.springframework.security.config.annotation.web.configuration.WebSecurityConfigurerAdapter.init(WebSecurityConfigurerAdapter.java:315) ~[spring-security-config-5.5.1.jar:5.5.1]
	at org.springframework.security.config.annotation.web.configuration.WebSecurityConfigurerAdapter.init(WebSecurityConfigurerAdapter.java:93) ~[spring-security-config-5.5.1.jar:5.5.1]
	at com.aziarets.vividapp.config.SecurityConfig$$EnhancerBySpringCGLIB$$148ac153.init(<generated>) ~[classes/:na]
	at org.springframework.security.config.annotation.AbstractConfiguredSecurityBuilder.init(AbstractConfiguredSecurityBuilder.java:338) ~[spring-security-config-5.5.1.jar:5.5.1]
	at org.springframework.security.config.annotation.AbstractConfiguredSecurityBuilder.doBuild(AbstractConfiguredSecurityBuilder.java:300) ~[spring-security-config-5.5.1.jar:5.5.1]
	at org.springframework.security.config.annotation.AbstractSecurityBuilder.build(AbstractSecurityBuilder.java:38) ~[spring-security-config-5.5.1.jar:5.5.1]
	at org.springframework.security.config.annotation.web.configuration.WebSecurityConfiguration.springSecurityFilterChain(WebSecurityConfiguration.java:127) ~[spring-security-config-5.5.1.jar:5.5.1]
	at java.base/jdk.internal.reflect.NativeMethodAccessorImpl.invoke0(Native Method) ~[na:na]
	at java.base/jdk.internal.reflect.NativeMethodAccessorImpl.invoke(NativeMethodAccessorImpl.java:62) ~[na:na]
	at java.base/jdk.internal.reflect.DelegatingMethodAccessorImpl.invoke(DelegatingMethodAccessorImpl.java:43) ~[na:na]
	at java.base/java.lang.reflect.Method.invoke(Method.java:564) ~[na:na]
	at org.springframework.beans.factory.support.SimpleInstantiationStrategy.instantiate(SimpleInstantiationStrategy.java:154) ~[spring-beans-5.3.8.jar:5.3.8]
	... 22 common frames omitted
2021-07-26 11:33:35,811 INFO [main] com.aziarets.vividapp.VividApp Starting VividApp using Java 14.0.1 on Comp with PID 8608 (C:\IdeaProjects\bot\target\classes started by Home in C:\IdeaProjects\bot)
2021-07-26 11:33:35,815 INFO [main] com.aziarets.vividapp.VividApp No active profile set, falling back to default profiles: default
2021-07-26 11:33:37,029 INFO [main] org.springframework.data.repository.config.RepositoryConfigurationDelegate Bootstrapping Spring Data JPA repositories in DEFAULT mode.
2021-07-26 11:33:37,064 INFO [main] org.springframework.data.repository.config.RepositoryConfigurationDelegate Finished Spring Data repository scanning in 21 ms. Found 0 JPA repository interfaces.
2021-07-26 11:33:37,867 INFO [main] org.springframework.boot.web.embedded.tomcat.TomcatWebServer Tomcat initialized with port(s): 8080 (http)
2021-07-26 11:33:37,879 INFO [main] org.apache.coyote.http11.Http11NioProtocol Initializing ProtocolHandler ["http-nio-8080"]
2021-07-26 11:33:37,880 INFO [main] org.apache.catalina.core.StandardService Starting service [Tomcat]
2021-07-26 11:33:37,880 INFO [main] org.apache.catalina.core.StandardEngine Starting Servlet engine: [Apache Tomcat/9.0.48]
2021-07-26 11:33:38,069 INFO [main] org.apache.catalina.core.ContainerBase.[Tomcat].[localhost].[/] Initializing Spring embedded WebApplicationContext
2021-07-26 11:33:38,070 INFO [main] org.springframework.boot.web.servlet.context.ServletWebServerApplicationContext Root WebApplicationContext: initialization completed in 2161 ms
2021-07-26 11:33:38,566 INFO [MLog-Init-Reporter] com.mchange.v2.log.MLog MLog clients using slf4j logging.
2021-07-26 11:33:38,667 INFO [main] com.mchange.v2.c3p0.C3P0Registry Initializing c3p0-0.9.5.5 [built 11-December-2019 22:18:33 -0800; debug? true; trace: 10]
2021-07-26 11:33:38,786 INFO [main] org.flywaydb.core.internal.license.VersionPrinter Flyway Community Edition 7.10.0 by Redgate
2021-07-26 11:33:38,831 INFO [main] com.mchange.v2.c3p0.impl.AbstractPoolBackedDataSource Initializing c3p0 pool... com.mchange.v2.c3p0.ComboPooledDataSource [ acquireIncrement -> 3, acquireRetryAttempts -> 30, acquireRetryDelay -> 1000, autoCommitOnClose -> false, automaticTestTable -> null, breakAfterAcquireFailure -> false, checkoutTimeout -> 0, connectionCustomizerClassName -> null, connectionTesterClassName -> com.mchange.v2.c3p0.impl.DefaultConnectionTester, contextClassLoaderSource -> caller, dataSourceName -> 1hgekrbai1qoxl5n1lofdhf|1a950fdd, debugUnreturnedConnectionStackTraces -> false, description -> null, driverClass -> org.postgresql.Driver, extensions -> {}, factoryClassLocation -> null, forceIgnoreUnresolvedTransactions -> false, forceSynchronousCheckins -> false, forceUseNamedDriverClass -> false, identityToken -> 1hgekrbai1qoxl5n1lofdhf|1a950fdd, idleConnectionTestPeriod -> 0, initialPoolSize -> 3, jdbcUrl -> jdbc:postgresql://localhost/vivid, maxAdministrativeTaskTime -> 0, maxConnectionAge -> 0, maxIdleTime -> 0, maxIdleTimeExcessConnections -> 0, maxPoolSize -> 10, maxStatements -> 0, maxStatementsPerConnection -> 0, minPoolSize -> 3, numHelperThreads -> 3, preferredTestQuery -> null, privilegeSpawnedThreads -> false, properties -> {password=******, user=******}, propertyCycle -> 0, statementCacheNumDeferredCloseThreads -> 0, testConnectionOnCheckin -> false, testConnectionOnCheckout -> false, unreturnedConnectionTimeout -> 0, userOverrides -> {}, usesTraditionalReflectiveProxies -> false ]
2021-07-26 11:33:39,060 INFO [main] org.flywaydb.core.internal.database.base.BaseDatabaseType Database: jdbc:postgresql://localhost/vivid (PostgreSQL 13.2)
2021-07-26 11:33:39,130 INFO [main] org.flywaydb.core.internal.command.DbValidate Successfully validated 5 migrations (execution time 00:00.039s)
2021-07-26 11:33:39,146 INFO [main] org.flywaydb.core.internal.command.DbMigrate Current version of schema "public": 5
2021-07-26 11:33:39,148 INFO [main] org.flywaydb.core.internal.command.DbMigrate Schema "public" is up to date. No migration necessary.
2021-07-26 11:33:39,288 INFO [main] org.hibernate.Version HHH000412: Hibernate ORM core version 5.4.32.Final
2021-07-26 11:33:39,526 INFO [main] org.hibernate.annotations.common.Version HCANN000001: Hibernate Commons Annotations {5.1.2.Final}
2021-07-26 11:33:39,704 INFO [main] org.hibernate.dialect.Dialect HHH000400: Using dialect: org.hibernate.dialect.PostgreSQL10Dialect
2021-07-26 11:33:40,803 INFO [main] org.hibernate.engine.transaction.jta.platform.internal.JtaPlatformInitiator HHH000490: Using JtaPlatform implementation: [org.hibernate.engine.transaction.jta.platform.internal.NoJtaPlatform]
2021-07-26 11:33:40,962 WARN [main] org.springframework.boot.autoconfigure.orm.jpa.JpaBaseConfiguration$JpaWebConfiguration spring.jpa.open-in-view is enabled by default. Therefore, database queries may be performed during view rendering. Explicitly configure spring.jpa.open-in-view to disable this warning
2021-07-26 11:33:41,898 INFO [main] org.springframework.security.web.DefaultSecurityFilterChain Will secure any request with [org.springframework.security.web.context.request.async.WebAsyncManagerIntegrationFilter@5216532a, org.springframework.security.web.context.SecurityContextPersistenceFilter@43e2b8da, org.springframework.security.web.header.HeaderWriterFilter@3911fec8, org.springframework.security.web.authentication.logout.LogoutFilter@d641499, org.springframework.security.web.authentication.UsernamePasswordAuthenticationFilter@3dc7c5fd, org.springframework.security.web.savedrequest.RequestCacheAwareFilter@1c3a64b6, org.springframework.security.web.servletapi.SecurityContextHolderAwareRequestFilter@42a7e7e1, org.springframework.security.web.authentication.AnonymousAuthenticationFilter@862624f, org.springframework.security.web.session.SessionManagementFilter@59bbf82e, org.springframework.security.web.access.ExceptionTranslationFilter@6b4a2887, org.springframework.security.web.access.intercept.FilterSecurityInterceptor@33214124]
2021-07-26 11:33:42,492 INFO [main] org.apache.coyote.http11.Http11NioProtocol Starting ProtocolHandler ["http-nio-8080"]
2021-07-26 11:33:42,520 INFO [main] org.springframework.boot.web.embedded.tomcat.TomcatWebServer Tomcat started on port(s): 8080 (http) with context path ''
2021-07-26 11:33:42,536 INFO [main] com.aziarets.vividapp.VividApp Started VividApp in 7.388 seconds (JVM running for 16.415)
2021-07-26 11:33:46,753 INFO [http-nio-8080-exec-1] org.apache.catalina.core.ContainerBase.[Tomcat].[localhost].[/] Initializing Spring DispatcherServlet 'dispatcherServlet'
2021-07-26 11:33:46,753 INFO [http-nio-8080-exec-1] org.springframework.web.servlet.DispatcherServlet Initializing Servlet 'dispatcherServlet'
2021-07-26 11:33:46,755 INFO [http-nio-8080-exec-1] org.springframework.web.servlet.DispatcherServlet Completed initialization in 2 ms
2021-07-26 11:33:47,199 INFO [http-nio-8080-exec-1] com.aziarets.vividapp.controller.MainController Returning main page for anonymousUser
2021-07-26 11:33:48,568 INFO [http-nio-8080-exec-8] com.aziarets.vividapp.controller.MainController Returning main page for anonymousUser
2021-07-26 11:41:35,623 INFO [main] com.aziarets.vividapp.VividApp Starting VividApp using Java 14.0.1 on Comp with PID 8680 (C:\IdeaProjects\bot\target\classes started by Home in C:\IdeaProjects\bot)
2021-07-26 11:41:35,627 INFO [main] com.aziarets.vividapp.VividApp No active profile set, falling back to default profiles: default
2021-07-26 11:41:36,928 INFO [main] org.springframework.data.repository.config.RepositoryConfigurationDelegate Bootstrapping Spring Data JPA repositories in DEFAULT mode.
2021-07-26 11:41:36,963 INFO [main] org.springframework.data.repository.config.RepositoryConfigurationDelegate Finished Spring Data repository scanning in 22 ms. Found 0 JPA repository interfaces.
2021-07-26 11:41:37,806 INFO [main] org.springframework.boot.web.embedded.tomcat.TomcatWebServer Tomcat initialized with port(s): 8080 (http)
2021-07-26 11:41:37,821 INFO [main] org.apache.coyote.http11.Http11NioProtocol Initializing ProtocolHandler ["http-nio-8080"]
2021-07-26 11:41:37,821 INFO [main] org.apache.catalina.core.StandardService Starting service [Tomcat]
2021-07-26 11:41:37,822 INFO [main] org.apache.catalina.core.StandardEngine Starting Servlet engine: [Apache Tomcat/9.0.48]
2021-07-26 11:41:38,031 INFO [main] org.apache.catalina.core.ContainerBase.[Tomcat].[localhost].[/] Initializing Spring embedded WebApplicationContext
2021-07-26 11:41:38,031 INFO [main] org.springframework.boot.web.servlet.context.ServletWebServerApplicationContext Root WebApplicationContext: initialization completed in 2303 ms
2021-07-26 11:41:38,608 INFO [MLog-Init-Reporter] com.mchange.v2.log.MLog MLog clients using slf4j logging.
2021-07-26 11:41:38,681 INFO [main] com.mchange.v2.c3p0.C3P0Registry Initializing c3p0-0.9.5.5 [built 11-December-2019 22:18:33 -0800; debug? true; trace: 10]
2021-07-26 11:41:38,777 INFO [main] org.flywaydb.core.internal.license.VersionPrinter Flyway Community Edition 7.10.0 by Redgate
2021-07-26 11:41:38,823 INFO [main] com.mchange.v2.c3p0.impl.AbstractPoolBackedDataSource Initializing c3p0 pool... com.mchange.v2.c3p0.ComboPooledDataSource [ acquireIncrement -> 3, acquireRetryAttempts -> 30, acquireRetryDelay -> 1000, autoCommitOnClose -> false, automaticTestTable -> null, breakAfterAcquireFailure -> false, checkoutTimeout -> 0, connectionCustomizerClassName -> null, connectionTesterClassName -> com.mchange.v2.c3p0.impl.DefaultConnectionTester, contextClassLoaderSource -> caller, dataSourceName -> 1hgekrbai1qp7vj31vjkb0q|1af4955e, debugUnreturnedConnectionStackTraces -> false, description -> null, driverClass -> org.postgresql.Driver, extensions -> {}, factoryClassLocation -> null, forceIgnoreUnresolvedTransactions -> false, forceSynchronousCheckins -> false, forceUseNamedDriverClass -> false, identityToken -> 1hgekrbai1qp7vj31vjkb0q|1af4955e, idleConnectionTestPeriod -> 0, initialPoolSize -> 3, jdbcUrl -> jdbc:postgresql://localhost/vivid, maxAdministrativeTaskTime -> 0, maxConnectionAge -> 0, maxIdleTime -> 0, maxIdleTimeExcessConnections -> 0, maxPoolSize -> 10, maxStatements -> 0, maxStatementsPerConnection -> 0, minPoolSize -> 3, numHelperThreads -> 3, preferredTestQuery -> null, privilegeSpawnedThreads -> false, properties -> {password=******, user=******}, propertyCycle -> 0, statementCacheNumDeferredCloseThreads -> 0, testConnectionOnCheckin -> false, testConnectionOnCheckout -> false, unreturnedConnectionTimeout -> 0, userOverrides -> {}, usesTraditionalReflectiveProxies -> false ]
2021-07-26 11:41:39,090 INFO [main] org.flywaydb.core.internal.database.base.BaseDatabaseType Database: jdbc:postgresql://localhost/vivid (PostgreSQL 13.2)
2021-07-26 11:41:39,162 INFO [main] org.flywaydb.core.internal.command.DbValidate Successfully validated 5 migrations (execution time 00:00.040s)
2021-07-26 11:41:39,174 INFO [main] org.flywaydb.core.internal.command.DbMigrate Current version of schema "public": 5
2021-07-26 11:41:39,176 INFO [main] org.flywaydb.core.internal.command.DbMigrate Schema "public" is up to date. No migration necessary.
2021-07-26 11:41:39,358 INFO [main] org.hibernate.Version HHH000412: Hibernate ORM core version 5.4.32.Final
2021-07-26 11:41:39,909 INFO [main] org.hibernate.annotations.common.Version HCANN000001: Hibernate Commons Annotations {5.1.2.Final}
2021-07-26 11:41:40,116 INFO [main] org.hibernate.dialect.Dialect HHH000400: Using dialect: org.hibernate.dialect.PostgreSQL10Dialect
2021-07-26 11:41:41,488 INFO [main] org.hibernate.engine.transaction.jta.platform.internal.JtaPlatformInitiator HHH000490: Using JtaPlatform implementation: [org.hibernate.engine.transaction.jta.platform.internal.NoJtaPlatform]
2021-07-26 11:41:41,816 WARN [main] org.springframework.boot.autoconfigure.orm.jpa.JpaBaseConfiguration$JpaWebConfiguration spring.jpa.open-in-view is enabled by default. Therefore, database queries may be performed during view rendering. Explicitly configure spring.jpa.open-in-view to disable this warning
2021-07-26 11:41:43,210 INFO [main] org.springframework.security.web.DefaultSecurityFilterChain Will secure any request with [org.springframework.security.web.context.request.async.WebAsyncManagerIntegrationFilter@18fa5af6, org.springframework.security.web.context.SecurityContextPersistenceFilter@2123a61c, org.springframework.security.web.header.HeaderWriterFilter@7ce760af, org.springframework.security.web.authentication.logout.LogoutFilter@4840ec68, org.springframework.security.web.authentication.UsernamePasswordAuthenticationFilter@26728255, org.springframework.security.web.savedrequest.RequestCacheAwareFilter@f252762, org.springframework.security.web.servletapi.SecurityContextHolderAwareRequestFilter@5d9d8ecf, org.springframework.security.web.authentication.AnonymousAuthenticationFilter@7fdabb3b, org.springframework.security.web.session.SessionManagementFilter@7b6b466a, org.springframework.security.web.access.ExceptionTranslationFilter@5e6bbe63, org.springframework.security.web.access.intercept.FilterSecurityInterceptor@af007d6]
2021-07-26 11:41:43,703 INFO [main] org.apache.coyote.http11.Http11NioProtocol Starting ProtocolHandler ["http-nio-8080"]
2021-07-26 11:41:43,731 INFO [main] org.springframework.boot.web.embedded.tomcat.TomcatWebServer Tomcat started on port(s): 8080 (http) with context path ''
2021-07-26 11:41:43,747 INFO [main] com.aziarets.vividapp.VividApp Started VividApp in 15.853 seconds (JVM running for 40.299)
2021-07-26 11:41:53,211 INFO [http-nio-8080-exec-1] org.apache.catalina.core.ContainerBase.[Tomcat].[localhost].[/] Initializing Spring DispatcherServlet 'dispatcherServlet'
2021-07-26 11:41:53,212 INFO [http-nio-8080-exec-1] org.springframework.web.servlet.DispatcherServlet Initializing Servlet 'dispatcherServlet'
2021-07-26 11:41:53,214 INFO [http-nio-8080-exec-1] org.springframework.web.servlet.DispatcherServlet Completed initialization in 2 ms
2021-07-26 11:41:54,203 INFO [http-nio-8080-exec-6] com.aziarets.vividapp.controller.MainController Returning main page for anonymousUser
2021-07-26 11:42:11,365 INFO [http-nio-8080-exec-2] com.aziarets.vividapp.dao.BotUserDaoImpl Get user by user name : jama_darma
2021-07-26 11:42:11,608 INFO [http-nio-8080-exec-2] com.aziarets.vividapp.dao.BotUserDaoImpl Returning result - user by user name: jama_darma
2021-07-26 11:42:12,390 INFO [http-nio-8080-exec-10] com.aziarets.vividapp.service.BotService Searching user with user name: jama_darma
2021-07-26 11:42:12,390 INFO [http-nio-8080-exec-10] com.aziarets.vividapp.dao.BotUserDaoImpl Get user by user name : jama_darma
2021-07-26 11:42:12,398 INFO [http-nio-8080-exec-10] com.aziarets.vividapp.dao.BotUserDaoImpl Returning result - user by user name: jama_darma
2021-07-26 11:42:12,398 INFO [http-nio-8080-exec-10] com.aziarets.vividapp.service.BotService Returning user with user name: jama_darma
2021-07-26 11:42:12,402 INFO [http-nio-8080-exec-10] com.aziarets.vividapp.service.BotService Get wishlist's gifts of user with id: 6
2021-07-26 11:42:12,408 INFO [http-nio-8080-exec-10] com.aziarets.vividapp.dao.GiftDaoImpl Get wishlist of user with id: 6
2021-07-26 11:42:12,415 INFO [http-nio-8080-exec-10] com.aziarets.vividapp.dao.GiftDaoImpl Returning result -  wishlist of user with id: 6
2021-07-26 11:42:12,420 INFO [http-nio-8080-exec-10] com.aziarets.vividapp.controller.WishListController Returning wish list page for jama_darma
2021-07-26 11:42:18,939 INFO [http-nio-8080-exec-4] com.aziarets.vividapp.controller.MainController Returning main page for anonymousUser
2021-07-26 11:43:07,559 INFO [http-nio-8080-exec-9] com.aziarets.vividapp.dao.BotUserDaoImpl Get user by user name : fgh
2021-07-26 11:43:07,562 WARN [http-nio-8080-exec-9] com.aziarets.vividapp.dao.BotUserDaoImpl Exception during searching user with user name fgh:No entity found for query
2021-07-26 11:43:07,580 ERROR [http-nio-8080-exec-9] org.springframework.security.web.authentication.UsernamePasswordAuthenticationFilter An internal error occurred while trying to authenticate the user.
org.springframework.security.authentication.InternalAuthenticationServiceException: UserDetailsService returned null, which is an interface contract violation
	at org.springframework.security.authentication.dao.DaoAuthenticationProvider.retrieveUser(DaoAuthenticationProvider.java:95) ~[spring-security-core-5.5.1.jar:5.5.1]
	at org.springframework.security.authentication.dao.AbstractUserDetailsAuthenticationProvider.authenticate(AbstractUserDetailsAuthenticationProvider.java:133) ~[spring-security-core-5.5.1.jar:5.5.1]
	at org.springframework.security.authentication.ProviderManager.authenticate(ProviderManager.java:182) ~[spring-security-core-5.5.1.jar:5.5.1]
	at org.springframework.security.authentication.ProviderManager.authenticate(ProviderManager.java:201) ~[spring-security-core-5.5.1.jar:5.5.1]
	at org.springframework.security.web.authentication.UsernamePasswordAuthenticationFilter.attemptAuthentication(UsernamePasswordAuthenticationFilter.java:85) ~[spring-security-web-5.5.1.jar:5.5.1]
	at org.springframework.security.web.authentication.AbstractAuthenticationProcessingFilter.doFilter(AbstractAuthenticationProcessingFilter.java:222) ~[spring-security-web-5.5.1.jar:5.5.1]
	at org.springframework.security.web.authentication.AbstractAuthenticationProcessingFilter.doFilter(AbstractAuthenticationProcessingFilter.java:212) ~[spring-security-web-5.5.1.jar:5.5.1]
	at org.springframework.security.web.FilterChainProxy$VirtualFilterChain.doFilter(FilterChainProxy.java:336) ~[spring-security-web-5.5.1.jar:5.5.1]
	at org.springframework.security.web.authentication.logout.LogoutFilter.doFilter(LogoutFilter.java:103) ~[spring-security-web-5.5.1.jar:5.5.1]
	at org.springframework.security.web.authentication.logout.LogoutFilter.doFilter(LogoutFilter.java:89) ~[spring-security-web-5.5.1.jar:5.5.1]
	at org.springframework.security.web.FilterChainProxy$VirtualFilterChain.doFilter(FilterChainProxy.java:336) ~[spring-security-web-5.5.1.jar:5.5.1]
	at org.springframework.security.web.header.HeaderWriterFilter.doHeadersAfter(HeaderWriterFilter.java:90) ~[spring-security-web-5.5.1.jar:5.5.1]
	at org.springframework.security.web.header.HeaderWriterFilter.doFilterInternal(HeaderWriterFilter.java:75) ~[spring-security-web-5.5.1.jar:5.5.1]
	at org.springframework.web.filter.OncePerRequestFilter.doFilter(OncePerRequestFilter.java:119) ~[spring-web-5.3.8.jar:5.3.8]
	at org.springframework.security.web.FilterChainProxy$VirtualFilterChain.doFilter(FilterChainProxy.java:336) ~[spring-security-web-5.5.1.jar:5.5.1]
	at org.springframework.security.web.context.SecurityContextPersistenceFilter.doFilter(SecurityContextPersistenceFilter.java:110) ~[spring-security-web-5.5.1.jar:5.5.1]
	at org.springframework.security.web.context.SecurityContextPersistenceFilter.doFilter(SecurityContextPersistenceFilter.java:80) ~[spring-security-web-5.5.1.jar:5.5.1]
	at org.springframework.security.web.FilterChainProxy$VirtualFilterChain.doFilter(FilterChainProxy.java:336) ~[spring-security-web-5.5.1.jar:5.5.1]
	at org.springframework.security.web.context.request.async.WebAsyncManagerIntegrationFilter.doFilterInternal(WebAsyncManagerIntegrationFilter.java:55) ~[spring-security-web-5.5.1.jar:5.5.1]
	at org.springframework.web.filter.OncePerRequestFilter.doFilter(OncePerRequestFilter.java:119) ~[spring-web-5.3.8.jar:5.3.8]
	at org.springframework.security.web.FilterChainProxy$VirtualFilterChain.doFilter(FilterChainProxy.java:336) ~[spring-security-web-5.5.1.jar:5.5.1]
	at org.springframework.security.web.FilterChainProxy.doFilterInternal(FilterChainProxy.java:211) ~[spring-security-web-5.5.1.jar:5.5.1]
	at org.springframework.security.web.FilterChainProxy.doFilter(FilterChainProxy.java:183) ~[spring-security-web-5.5.1.jar:5.5.1]
	at org.springframework.web.filter.DelegatingFilterProxy.invokeDelegate(DelegatingFilterProxy.java:358) ~[spring-web-5.3.8.jar:5.3.8]
	at org.springframework.web.filter.DelegatingFilterProxy.doFilter(DelegatingFilterProxy.java:271) ~[spring-web-5.3.8.jar:5.3.8]
	at org.apache.catalina.core.ApplicationFilterChain.internalDoFilter(ApplicationFilterChain.java:190) ~[tomcat-embed-core-9.0.48.jar:9.0.48]
	at org.apache.catalina.core.ApplicationFilterChain.doFilter(ApplicationFilterChain.java:163) ~[tomcat-embed-core-9.0.48.jar:9.0.48]
	at org.springframework.web.filter.CharacterEncodingFilter.doFilterInternal(CharacterEncodingFilter.java:201) ~[spring-web-5.3.8.jar:5.3.8]
	at org.springframework.web.filter.OncePerRequestFilter.doFilter(OncePerRequestFilter.java:119) ~[spring-web-5.3.8.jar:5.3.8]
	at org.apache.catalina.core.ApplicationFilterChain.internalDoFilter(ApplicationFilterChain.java:190) ~[tomcat-embed-core-9.0.48.jar:9.0.48]
	at org.apache.catalina.core.ApplicationFilterChain.doFilter(ApplicationFilterChain.java:163) ~[tomcat-embed-core-9.0.48.jar:9.0.48]
	at org.apache.catalina.core.StandardWrapperValve.invoke(StandardWrapperValve.java:202) ~[tomcat-embed-core-9.0.48.jar:9.0.48]
	at org.apache.catalina.core.StandardContextValve.invoke(StandardContextValve.java:97) ~[tomcat-embed-core-9.0.48.jar:9.0.48]
	at org.apache.catalina.authenticator.AuthenticatorBase.invoke(AuthenticatorBase.java:542) ~[tomcat-embed-core-9.0.48.jar:9.0.48]
	at org.apache.catalina.core.StandardHostValve.invoke(StandardHostValve.java:143) ~[tomcat-embed-core-9.0.48.jar:9.0.48]
	at org.apache.catalina.valves.ErrorReportValve.invoke(ErrorReportValve.java:92) ~[tomcat-embed-core-9.0.48.jar:9.0.48]
	at org.apache.catalina.core.StandardEngineValve.invoke(StandardEngineValve.java:78) ~[tomcat-embed-core-9.0.48.jar:9.0.48]
	at org.apache.catalina.connector.CoyoteAdapter.service(CoyoteAdapter.java:357) ~[tomcat-embed-core-9.0.48.jar:9.0.48]
	at org.apache.coyote.http11.Http11Processor.service(Http11Processor.java:382) ~[tomcat-embed-core-9.0.48.jar:9.0.48]
	at org.apache.coyote.AbstractProcessorLight.process(AbstractProcessorLight.java:65) ~[tomcat-embed-core-9.0.48.jar:9.0.48]
	at org.apache.coyote.AbstractProtocol$ConnectionHandler.process(AbstractProtocol.java:893) ~[tomcat-embed-core-9.0.48.jar:9.0.48]
	at org.apache.tomcat.util.net.NioEndpoint$SocketProcessor.doRun(NioEndpoint.java:1723) ~[tomcat-embed-core-9.0.48.jar:9.0.48]
	at org.apache.tomcat.util.net.SocketProcessorBase.run(SocketProcessorBase.java:49) ~[tomcat-embed-core-9.0.48.jar:9.0.48]
	at java.base/java.util.concurrent.ThreadPoolExecutor.runWorker(ThreadPoolExecutor.java:1130) ~[na:na]
	at java.base/java.util.concurrent.ThreadPoolExecutor$Worker.run(ThreadPoolExecutor.java:630) ~[na:na]
	at org.apache.tomcat.util.threads.TaskThread$WrappingRunnable.run(TaskThread.java:61) ~[tomcat-embed-core-9.0.48.jar:9.0.48]
	at java.base/java.lang.Thread.run(Thread.java:832) ~[na:na]
2021-07-26 11:43:44,155 INFO [http-nio-8080-exec-7] com.aziarets.vividapp.dao.BotUserDaoImpl Get user by user name : jama_darma
2021-07-26 11:43:44,166 INFO [http-nio-8080-exec-7] com.aziarets.vividapp.dao.BotUserDaoImpl Returning result - user by user name: jama_darma
2021-07-26 11:44:26,076 INFO [http-nio-8080-exec-5] com.aziarets.vividapp.dao.BotUserDaoImpl Get user by user name : jama_darma
2021-07-26 11:44:26,087 INFO [http-nio-8080-exec-5] com.aziarets.vividapp.dao.BotUserDaoImpl Returning result - user by user name: jama_darma
2021-07-26 11:44:26,640 INFO [http-nio-8080-exec-6] com.aziarets.vividapp.service.BotService Searching user with user name: jama_darma
2021-07-26 11:44:26,640 INFO [http-nio-8080-exec-6] com.aziarets.vividapp.dao.BotUserDaoImpl Get user by user name : jama_darma
2021-07-26 11:44:26,647 INFO [http-nio-8080-exec-6] com.aziarets.vividapp.dao.BotUserDaoImpl Returning result - user by user name: jama_darma
2021-07-26 11:44:26,647 INFO [http-nio-8080-exec-6] com.aziarets.vividapp.service.BotService Returning user with user name: jama_darma
2021-07-26 11:44:26,649 INFO [http-nio-8080-exec-6] com.aziarets.vividapp.service.BotService Get wishlist's gifts of user with id: 6
2021-07-26 11:44:26,649 INFO [http-nio-8080-exec-6] com.aziarets.vividapp.dao.GiftDaoImpl Get wishlist of user with id: 6
2021-07-26 11:44:26,649 INFO [http-nio-8080-exec-6] com.aziarets.vividapp.dao.GiftDaoImpl Returning result -  wishlist of user with id: 6
2021-07-26 11:44:26,652 INFO [http-nio-8080-exec-6] com.aziarets.vividapp.controller.WishListController Returning wish list page for jama_darma
2021-07-26 11:44:29,432 INFO [http-nio-8080-exec-6] com.aziarets.vividapp.controller.MainController Returning main page for anonymousUser
2021-07-26 11:44:38,840 INFO [http-nio-8080-exec-5] com.aziarets.vividapp.dao.BotUserDaoImpl Get user by user name : jama_darma
2021-07-26 11:44:38,853 INFO [http-nio-8080-exec-5] com.aziarets.vividapp.dao.BotUserDaoImpl Returning result - user by user name: jama_darma
2021-07-26 11:46:20,555 INFO [http-nio-8080-exec-3] com.aziarets.vividapp.controller.MainController Returning main page for anonymousUser
2021-07-26 12:09:00,694 INFO [main] com.aziarets.vividapp.VividApp Starting VividApp using Java 14.0.1 on Comp with PID 8956 (C:\IdeaProjects\bot\target\classes started by Home in C:\IdeaProjects\bot)
2021-07-26 12:09:00,698 INFO [main] com.aziarets.vividapp.VividApp No active profile set, falling back to default profiles: default
2021-07-26 12:09:02,220 INFO [main] org.springframework.data.repository.config.RepositoryConfigurationDelegate Bootstrapping Spring Data JPA repositories in DEFAULT mode.
2021-07-26 12:09:02,257 INFO [main] org.springframework.data.repository.config.RepositoryConfigurationDelegate Finished Spring Data repository scanning in 22 ms. Found 0 JPA repository interfaces.
2021-07-26 12:09:03,119 INFO [main] org.springframework.boot.web.embedded.tomcat.TomcatWebServer Tomcat initialized with port(s): 8080 (http)
2021-07-26 12:09:03,134 INFO [main] org.apache.coyote.http11.Http11NioProtocol Initializing ProtocolHandler ["http-nio-8080"]
2021-07-26 12:09:03,135 INFO [main] org.apache.catalina.core.StandardService Starting service [Tomcat]
2021-07-26 12:09:03,136 INFO [main] org.apache.catalina.core.StandardEngine Starting Servlet engine: [Apache Tomcat/9.0.48]
2021-07-26 12:09:03,378 INFO [main] org.apache.catalina.core.ContainerBase.[Tomcat].[localhost].[/] Initializing Spring embedded WebApplicationContext
2021-07-26 12:09:03,379 INFO [main] org.springframework.boot.web.servlet.context.ServletWebServerApplicationContext Root WebApplicationContext: initialization completed in 2488 ms
2021-07-26 12:09:03,944 INFO [MLog-Init-Reporter] com.mchange.v2.log.MLog MLog clients using slf4j logging.
2021-07-26 12:09:04,024 INFO [main] com.mchange.v2.c3p0.C3P0Registry Initializing c3p0-0.9.5.5 [built 11-December-2019 22:18:33 -0800; debug? true; trace: 10]
2021-07-26 12:09:04,153 INFO [main] org.flywaydb.core.internal.license.VersionPrinter Flyway Community Edition 7.10.0 by Redgate
2021-07-26 12:09:04,202 INFO [main] com.mchange.v2.c3p0.impl.AbstractPoolBackedDataSource Initializing c3p0 pool... com.mchange.v2.c3p0.ComboPooledDataSource [ acquireIncrement -> 3, acquireRetryAttempts -> 30, acquireRetryDelay -> 1000, autoCommitOnClose -> false, automaticTestTable -> null, breakAfterAcquireFailure -> false, checkoutTimeout -> 0, connectionCustomizerClassName -> null, connectionTesterClassName -> com.mchange.v2.c3p0.impl.DefaultConnectionTester, contextClassLoaderSource -> caller, dataSourceName -> 1hgekrbai1qq753f10msd5d|5707f613, debugUnreturnedConnectionStackTraces -> false, description -> null, driverClass -> org.postgresql.Driver, extensions -> {}, factoryClassLocation -> null, forceIgnoreUnresolvedTransactions -> false, forceSynchronousCheckins -> false, forceUseNamedDriverClass -> false, identityToken -> 1hgekrbai1qq753f10msd5d|5707f613, idleConnectionTestPeriod -> 0, initialPoolSize -> 3, jdbcUrl -> jdbc:postgresql://localhost/vivid, maxAdministrativeTaskTime -> 0, maxConnectionAge -> 0, maxIdleTime -> 0, maxIdleTimeExcessConnections -> 0, maxPoolSize -> 10, maxStatements -> 0, maxStatementsPerConnection -> 0, minPoolSize -> 3, numHelperThreads -> 3, preferredTestQuery -> null, privilegeSpawnedThreads -> false, properties -> {password=******, user=******}, propertyCycle -> 0, statementCacheNumDeferredCloseThreads -> 0, testConnectionOnCheckin -> false, testConnectionOnCheckout -> false, unreturnedConnectionTimeout -> 0, userOverrides -> {}, usesTraditionalReflectiveProxies -> false ]
2021-07-26 12:09:04,495 INFO [main] org.flywaydb.core.internal.database.base.BaseDatabaseType Database: jdbc:postgresql://localhost/vivid (PostgreSQL 13.2)
2021-07-26 12:09:04,562 INFO [main] org.flywaydb.core.internal.command.DbValidate Successfully validated 5 migrations (execution time 00:00.038s)
2021-07-26 12:09:04,574 INFO [main] org.flywaydb.core.internal.command.DbMigrate Current version of schema "public": 5
2021-07-26 12:09:04,575 INFO [main] org.flywaydb.core.internal.command.DbMigrate Schema "public" is up to date. No migration necessary.
2021-07-26 12:09:04,738 INFO [main] org.hibernate.Version HHH000412: Hibernate ORM core version 5.4.32.Final
2021-07-26 12:09:05,096 INFO [main] org.hibernate.annotations.common.Version HCANN000001: Hibernate Commons Annotations {5.1.2.Final}
2021-07-26 12:09:05,341 INFO [main] org.hibernate.dialect.Dialect HHH000400: Using dialect: org.hibernate.dialect.PostgreSQL10Dialect
2021-07-26 12:09:06,653 INFO [main] org.hibernate.engine.transaction.jta.platform.internal.JtaPlatformInitiator HHH000490: Using JtaPlatform implementation: [org.hibernate.engine.transaction.jta.platform.internal.NoJtaPlatform]
2021-07-26 12:09:06,783 WARN [main] org.springframework.boot.autoconfigure.orm.jpa.JpaBaseConfiguration$JpaWebConfiguration spring.jpa.open-in-view is enabled by default. Therefore, database queries may be performed during view rendering. Explicitly configure spring.jpa.open-in-view to disable this warning
2021-07-26 12:09:07,858 INFO [main] org.springframework.security.web.DefaultSecurityFilterChain Will secure any request with [org.springframework.security.web.context.request.async.WebAsyncManagerIntegrationFilter@4b4228cf, org.springframework.security.web.context.SecurityContextPersistenceFilter@12811f95, org.springframework.security.web.header.HeaderWriterFilter@7a14ab66, org.springframework.security.web.authentication.logout.LogoutFilter@644f6e89, org.springframework.security.web.authentication.UsernamePasswordAuthenticationFilter@7607340f, org.springframework.security.web.savedrequest.RequestCacheAwareFilter@2d1f3639, org.springframework.security.web.servletapi.SecurityContextHolderAwareRequestFilter@7b6b466a, org.springframework.security.web.authentication.AnonymousAuthenticationFilter@7d216ee8, org.springframework.security.web.session.SessionManagementFilter@6ac83e67, org.springframework.security.web.access.ExceptionTranslationFilter@3b590f6a, org.springframework.security.web.access.intercept.FilterSecurityInterceptor@3741071d]
2021-07-26 12:09:08,333 INFO [main] org.apache.coyote.http11.Http11NioProtocol Starting ProtocolHandler ["http-nio-8080"]
2021-07-26 12:09:08,361 INFO [main] org.springframework.boot.web.embedded.tomcat.TomcatWebServer Tomcat started on port(s): 8080 (http) with context path ''
2021-07-26 12:09:08,377 INFO [main] com.aziarets.vividapp.VividApp Started VividApp in 16.694 seconds (JVM running for 53.83)
2021-07-26 12:09:14,694 INFO [http-nio-8080-exec-1] org.apache.catalina.core.ContainerBase.[Tomcat].[localhost].[/] Initializing Spring DispatcherServlet 'dispatcherServlet'
2021-07-26 12:09:14,694 INFO [http-nio-8080-exec-1] org.springframework.web.servlet.DispatcherServlet Initializing Servlet 'dispatcherServlet'
2021-07-26 12:09:14,696 INFO [http-nio-8080-exec-1] org.springframework.web.servlet.DispatcherServlet Completed initialization in 2 ms
2021-07-26 12:09:15,320 INFO [http-nio-8080-exec-1] com.aziarets.vividapp.controller.MainController Returning main page for anonymousUser
2021-07-26 12:09:16,120 INFO [http-nio-8080-exec-4] com.aziarets.vividapp.controller.MainController Returning main page for anonymousUser
2021-07-26 12:09:24,465 INFO [http-nio-8080-exec-1] com.aziarets.vividapp.dao.BotUserDaoImpl Get user by user name : jama_darma
2021-07-26 12:09:24,720 INFO [http-nio-8080-exec-1] com.aziarets.vividapp.dao.BotUserDaoImpl Returning result - user by user name: jama_darma
2021-07-26 12:09:25,368 INFO [http-nio-8080-exec-3] com.aziarets.vividapp.service.BotService Searching user with user name: jama_darma
2021-07-26 12:09:25,369 INFO [http-nio-8080-exec-3] com.aziarets.vividapp.dao.BotUserDaoImpl Get user by user name : jama_darma
2021-07-26 12:09:25,374 INFO [http-nio-8080-exec-3] com.aziarets.vividapp.dao.BotUserDaoImpl Returning result - user by user name: jama_darma
2021-07-26 12:09:25,375 INFO [http-nio-8080-exec-3] com.aziarets.vividapp.service.BotService Returning user with user name: jama_darma
2021-07-26 12:09:25,380 INFO [http-nio-8080-exec-3] com.aziarets.vividapp.service.BotService Get wishlist's gifts of user with id: 6
2021-07-26 12:09:25,386 INFO [http-nio-8080-exec-3] com.aziarets.vividapp.dao.GiftDaoImpl Get wishlist of user with id: 6
2021-07-26 12:09:25,393 INFO [http-nio-8080-exec-3] com.aziarets.vividapp.dao.GiftDaoImpl Returning result -  wishlist of user with id: 6
2021-07-26 12:09:25,399 INFO [http-nio-8080-exec-3] com.aziarets.vividapp.controller.WishListController Returning wish list page for jama_darma
2021-07-26 12:09:29,305 INFO [http-nio-8080-exec-6] com.aziarets.vividapp.service.BotService Searching user with user name: jama_darma
2021-07-26 12:09:29,306 INFO [http-nio-8080-exec-6] com.aziarets.vividapp.dao.BotUserDaoImpl Get user by user name : jama_darma
2021-07-26 12:09:29,317 INFO [http-nio-8080-exec-6] com.aziarets.vividapp.dao.BotUserDaoImpl Returning result - user by user name: jama_darma
2021-07-26 12:09:29,317 INFO [http-nio-8080-exec-6] com.aziarets.vividapp.service.BotService Returning user with user name: jama_darma
2021-07-26 12:09:29,319 INFO [http-nio-8080-exec-6] com.aziarets.vividapp.service.BotService Get wishlist's gifts of user with id: 6
2021-07-26 12:09:29,320 INFO [http-nio-8080-exec-6] com.aziarets.vividapp.dao.GiftDaoImpl Get wishlist of user with id: 6
2021-07-26 12:09:29,320 INFO [http-nio-8080-exec-6] com.aziarets.vividapp.dao.GiftDaoImpl Returning result -  wishlist of user with id: 6
2021-07-26 12:09:29,324 INFO [http-nio-8080-exec-6] com.aziarets.vividapp.controller.WishListController Returning wish list page for jama_darma
2021-07-26 12:09:33,167 INFO [http-nio-8080-exec-2] com.aziarets.vividapp.controller.WishListController Returning add gift form for user jama_darma
2021-07-26 12:09:35,277 INFO [http-nio-8080-exec-5] com.aziarets.vividapp.controller.WishListController Handling add gift request from user jama_darma
2021-07-26 12:09:35,278 INFO [http-nio-8080-exec-5] com.aziarets.vividapp.service.BotService Searching user with user name: jama_darma
2021-07-26 12:09:35,279 INFO [http-nio-8080-exec-5] com.aziarets.vividapp.dao.BotUserDaoImpl Get user by user name : jama_darma
2021-07-26 12:09:35,288 INFO [http-nio-8080-exec-5] com.aziarets.vividapp.dao.BotUserDaoImpl Returning result - user by user name: jama_darma
2021-07-26 12:09:35,288 INFO [http-nio-8080-exec-5] com.aziarets.vividapp.service.BotService Returning user with user name: jama_darma
2021-07-26 12:09:35,293 INFO [http-nio-8080-exec-5] com.aziarets.vividapp.service.BotService Add gift with id 0 to user with id:6
2021-07-26 12:09:35,297 INFO [http-nio-8080-exec-5] com.aziarets.vividapp.dao.WishListDaoImpl Get wishlist by id: 6
2021-07-26 12:09:35,299 INFO [http-nio-8080-exec-5] com.aziarets.vividapp.dao.GiftDaoImpl Saving gift with gift name dsf
2021-07-26 12:09:35,331 INFO [http-nio-8080-exec-5] com.aziarets.vividapp.dao.GiftDaoImpl Saved gift with gift name dsf, gift id: 52
2021-07-26 12:09:35,332 INFO [http-nio-8080-exec-5] com.aziarets.vividapp.dao.WishListDaoImpl Update wishlist with id: 6
2021-07-26 12:09:35,333 INFO [http-nio-8080-exec-5] com.aziarets.vividapp.service.BotService Gift with id 52 added to user with id:6
2021-07-26 12:09:35,676 INFO [http-nio-8080-exec-5] com.aziarets.vividapp.controller.WishListController Gift with name dsf added to user jama_darma
2021-07-26 12:09:35,728 INFO [http-nio-8080-exec-10] com.aziarets.vividapp.service.BotService Searching user with user name: jama_darma
2021-07-26 12:09:35,733 INFO [http-nio-8080-exec-10] com.aziarets.vividapp.dao.BotUserDaoImpl Get user by user name : jama_darma
2021-07-26 12:09:35,743 INFO [http-nio-8080-exec-10] com.aziarets.vividapp.dao.BotUserDaoImpl Returning result - user by user name: jama_darma
2021-07-26 12:09:35,744 INFO [http-nio-8080-exec-10] com.aziarets.vividapp.service.BotService Returning user with user name: jama_darma
2021-07-26 12:09:35,747 INFO [http-nio-8080-exec-10] com.aziarets.vividapp.service.BotService Get wishlist's gifts of user with id: 6
2021-07-26 12:09:35,747 INFO [http-nio-8080-exec-10] com.aziarets.vividapp.dao.GiftDaoImpl Get wishlist of user with id: 6
2021-07-26 12:09:35,748 INFO [http-nio-8080-exec-10] com.aziarets.vividapp.dao.GiftDaoImpl Returning result -  wishlist of user with id: 6
2021-07-26 12:09:35,752 INFO [http-nio-8080-exec-10] com.aziarets.vividapp.controller.WishListController Returning wish list page for jama_darma
2021-07-26 12:09:45,771 INFO [http-nio-8080-exec-4] com.aziarets.vividapp.controller.WishListController Handling deleting gift request for user jama_darma, deleted gift id: 46
2021-07-26 12:09:45,772 INFO [http-nio-8080-exec-4] com.aziarets.vividapp.service.BotService Searching gift with id: 46
2021-07-26 12:09:45,773 INFO [http-nio-8080-exec-4] com.aziarets.vividapp.dao.GiftDaoImpl Get gift by id: 46
2021-07-26 12:09:45,778 INFO [http-nio-8080-exec-4] com.aziarets.vividapp.service.BotService Returning gift with id: 46
2021-07-26 12:09:45,781 INFO [http-nio-8080-exec-4] com.aziarets.vividapp.service.BotService Searching gift holder by gift with id: 46
2021-07-26 12:09:45,781 INFO [http-nio-8080-exec-4] com.aziarets.vividapp.dao.BotUserDaoImpl Searching gift holder by gift id : 46
2021-07-26 12:09:45,800 INFO [http-nio-8080-exec-4] com.aziarets.vividapp.dao.BotUserDaoImpl Returning gift holder by gift id: 46, found user - jama_darma
2021-07-26 12:09:45,800 INFO [http-nio-8080-exec-4] com.aziarets.vividapp.service.BotService Returning gift holder by gift with id: 46
2021-07-26 12:09:45,803 INFO [http-nio-8080-exec-4] com.aziarets.vividapp.service.BotService Deleting gift with id: 46
2021-07-26 12:09:45,803 INFO [http-nio-8080-exec-4] com.aziarets.vividapp.dao.GiftDaoImpl Get gift by id: 46
2021-07-26 12:09:45,804 INFO [http-nio-8080-exec-4] com.aziarets.vividapp.util.PhotoManager Deleting photo of gift with id: 46
2021-07-26 12:09:45,804 INFO [http-nio-8080-exec-4] com.aziarets.vividapp.util.PhotoManager Gift with id: 46 doesn't have a photo. Return
2021-07-26 12:09:45,804 INFO [http-nio-8080-exec-4] com.aziarets.vividapp.dao.GiftDaoImpl Deleting gift with gift id 46
2021-07-26 12:09:45,815 INFO [http-nio-8080-exec-4] com.aziarets.vividapp.controller.WishListController Gift with id 46 deleted to user jama_darma
2021-07-26 12:09:45,831 INFO [http-nio-8080-exec-7] com.aziarets.vividapp.service.BotService Searching user with user name: jama_darma
2021-07-26 12:09:45,832 INFO [http-nio-8080-exec-7] com.aziarets.vividapp.dao.BotUserDaoImpl Get user by user name : jama_darma
2021-07-26 12:09:45,837 INFO [http-nio-8080-exec-7] com.aziarets.vividapp.dao.BotUserDaoImpl Returning result - user by user name: jama_darma
2021-07-26 12:09:45,838 INFO [http-nio-8080-exec-7] com.aziarets.vividapp.service.BotService Returning user with user name: jama_darma
2021-07-26 12:09:45,839 INFO [http-nio-8080-exec-7] com.aziarets.vividapp.service.BotService Get wishlist's gifts of user with id: 6
2021-07-26 12:09:45,842 INFO [http-nio-8080-exec-7] com.aziarets.vividapp.dao.GiftDaoImpl Get wishlist of user with id: 6
2021-07-26 12:09:45,842 INFO [http-nio-8080-exec-7] com.aziarets.vividapp.dao.GiftDaoImpl Returning result -  wishlist of user with id: 6
2021-07-26 12:09:45,848 INFO [http-nio-8080-exec-7] com.aziarets.vividapp.controller.WishListController Returning wish list page for jama_darma
2021-07-26 12:14:07,808 INFO [main] com.aziarets.vividapp.VividApp Starting VividApp using Java 14.0.1 on Comp with PID 1764 (C:\IdeaProjects\bot\target\classes started by Home in C:\IdeaProjects\bot)
2021-07-26 12:14:07,872 INFO [main] com.aziarets.vividapp.VividApp No active profile set, falling back to default profiles: default
2021-07-26 12:14:12,572 INFO [main] org.springframework.data.repository.config.RepositoryConfigurationDelegate Bootstrapping Spring Data JPA repositories in DEFAULT mode.
2021-07-26 12:14:12,619 INFO [main] org.springframework.data.repository.config.RepositoryConfigurationDelegate Finished Spring Data repository scanning in 31 ms. Found 0 JPA repository interfaces.
2021-07-26 12:14:17,471 INFO [main] org.springframework.boot.web.embedded.tomcat.TomcatWebServer Tomcat initialized with port(s): 8080 (http)
2021-07-26 12:14:17,483 INFO [main] org.apache.coyote.http11.Http11NioProtocol Initializing ProtocolHandler ["http-nio-8080"]
2021-07-26 12:14:17,484 INFO [main] org.apache.catalina.core.StandardService Starting service [Tomcat]
2021-07-26 12:14:17,484 INFO [main] org.apache.catalina.core.StandardEngine Starting Servlet engine: [Apache Tomcat/9.0.48]
2021-07-26 12:14:17,834 INFO [main] org.apache.catalina.core.ContainerBase.[Tomcat].[localhost].[/] Initializing Spring embedded WebApplicationContext
2021-07-26 12:14:17,835 INFO [main] org.springframework.boot.web.servlet.context.ServletWebServerApplicationContext Root WebApplicationContext: initialization completed in 9100 ms
2021-07-26 12:14:20,958 INFO [MLog-Init-Reporter] com.mchange.v2.log.MLog MLog clients using slf4j logging.
2021-07-26 12:14:21,042 INFO [main] com.mchange.v2.c3p0.C3P0Registry Initializing c3p0-0.9.5.5 [built 11-December-2019 22:18:33 -0800; debug? true; trace: 10]
2021-07-26 12:14:21,175 INFO [main] org.flywaydb.core.internal.license.VersionPrinter Flyway Community Edition 7.10.0 by Redgate
2021-07-26 12:14:21,219 INFO [main] com.mchange.v2.c3p0.impl.AbstractPoolBackedDataSource Initializing c3p0 pool... com.mchange.v2.c3p0.ComboPooledDataSource [ acquireIncrement -> 3, acquireRetryAttempts -> 30, acquireRetryDelay -> 1000, autoCommitOnClose -> false, automaticTestTable -> null, breakAfterAcquireFailure -> false, checkoutTimeout -> 0, connectionCustomizerClassName -> null, connectionTesterClassName -> com.mchange.v2.c3p0.impl.DefaultConnectionTester, contextClassLoaderSource -> caller, dataSourceName -> 1hgekrbai1qqdxpa151fp3t|25b38203, debugUnreturnedConnectionStackTraces -> false, description -> null, driverClass -> org.postgresql.Driver, extensions -> {}, factoryClassLocation -> null, forceIgnoreUnresolvedTransactions -> false, forceSynchronousCheckins -> false, forceUseNamedDriverClass -> false, identityToken -> 1hgekrbai1qqdxpa151fp3t|25b38203, idleConnectionTestPeriod -> 0, initialPoolSize -> 3, jdbcUrl -> jdbc:postgresql://localhost/vivid, maxAdministrativeTaskTime -> 0, maxConnectionAge -> 0, maxIdleTime -> 0, maxIdleTimeExcessConnections -> 0, maxPoolSize -> 10, maxStatements -> 0, maxStatementsPerConnection -> 0, minPoolSize -> 3, numHelperThreads -> 3, preferredTestQuery -> null, privilegeSpawnedThreads -> false, properties -> {password=******, user=******}, propertyCycle -> 0, statementCacheNumDeferredCloseThreads -> 0, testConnectionOnCheckin -> false, testConnectionOnCheckout -> false, unreturnedConnectionTimeout -> 0, userOverrides -> {}, usesTraditionalReflectiveProxies -> false ]
2021-07-26 12:14:21,497 INFO [main] org.flywaydb.core.internal.database.base.BaseDatabaseType Database: jdbc:postgresql://localhost/vivid (PostgreSQL 13.2)
2021-07-26 12:14:21,580 INFO [main] org.flywaydb.core.internal.command.DbValidate Successfully validated 5 migrations (execution time 00:00.043s)
2021-07-26 12:14:21,593 INFO [main] org.flywaydb.core.internal.command.DbMigrate Current version of schema "public": 5
2021-07-26 12:14:21,594 INFO [main] org.flywaydb.core.internal.command.DbMigrate Schema "public" is up to date. No migration necessary.
2021-07-26 12:14:21,724 INFO [main] org.hibernate.Version HHH000412: Hibernate ORM core version 5.4.32.Final
2021-07-26 12:14:21,983 INFO [main] org.hibernate.annotations.common.Version HCANN000001: Hibernate Commons Annotations {5.1.2.Final}
2021-07-26 12:14:22,158 INFO [main] org.hibernate.dialect.Dialect HHH000400: Using dialect: org.hibernate.dialect.PostgreSQL10Dialect
2021-07-26 12:14:23,304 INFO [main] org.hibernate.engine.transaction.jta.platform.internal.JtaPlatformInitiator HHH000490: Using JtaPlatform implementation: [org.hibernate.engine.transaction.jta.platform.internal.NoJtaPlatform]
2021-07-26 12:14:23,426 WARN [main] org.springframework.boot.autoconfigure.orm.jpa.JpaBaseConfiguration$JpaWebConfiguration spring.jpa.open-in-view is enabled by default. Therefore, database queries may be performed during view rendering. Explicitly configure spring.jpa.open-in-view to disable this warning
2021-07-26 12:14:25,567 INFO [main] org.springframework.security.web.DefaultSecurityFilterChain Will secure any request with [org.springframework.security.web.context.request.async.WebAsyncManagerIntegrationFilter@62871522, org.springframework.security.web.context.SecurityContextPersistenceFilter@1e38e8b6, org.springframework.security.web.header.HeaderWriterFilter@23b087c3, org.springframework.security.web.authentication.logout.LogoutFilter@4b74a67a, org.springframework.security.web.authentication.UsernamePasswordAuthenticationFilter@2a9ea03f, org.springframework.security.web.savedrequest.RequestCacheAwareFilter@75b3ef1a, org.springframework.security.web.servletapi.SecurityContextHolderAwareRequestFilter@544300a6, org.springframework.security.web.authentication.AnonymousAuthenticationFilter@7fb9a83c, org.springframework.security.web.session.SessionManagementFilter@325e03b, org.springframework.security.web.access.ExceptionTranslationFilter@5773f83d, org.springframework.security.web.access.intercept.FilterSecurityInterceptor@31f5ffb9]
2021-07-26 12:14:30,199 INFO [main] org.apache.coyote.http11.Http11NioProtocol Starting ProtocolHandler ["http-nio-8080"]
2021-07-26 12:14:32,621 INFO [main] org.springframework.boot.web.embedded.tomcat.TomcatWebServer Tomcat started on port(s): 8080 (http) with context path ''
2021-07-26 12:14:32,645 INFO [main] com.aziarets.vividapp.VividApp Started VividApp in 28.895 seconds (JVM running for 79.304)
2021-07-26 12:16:12,055 INFO [http-nio-8080-exec-2] org.apache.catalina.core.ContainerBase.[Tomcat].[localhost].[/] Initializing Spring DispatcherServlet 'dispatcherServlet'
2021-07-26 12:16:12,056 INFO [http-nio-8080-exec-2] org.springframework.web.servlet.DispatcherServlet Initializing Servlet 'dispatcherServlet'
2021-07-26 12:16:12,057 INFO [http-nio-8080-exec-2] org.springframework.web.servlet.DispatcherServlet Completed initialization in 1 ms
2021-07-26 12:16:12,175 INFO [http-nio-8080-exec-2] com.aziarets.vividapp.controller.MainController Returning main page for anonymousUser
2021-07-26 12:16:22,363 INFO [http-nio-8080-exec-2] com.aziarets.vividapp.dao.BotUserDaoImpl Get user by user name : jama_darma
2021-07-26 12:16:22,955 INFO [http-nio-8080-exec-2] com.aziarets.vividapp.dao.BotUserDaoImpl Returning result - user by user name: jama_darma
2021-07-26 12:16:24,016 INFO [http-nio-8080-exec-8] com.aziarets.vividapp.service.BotService Searching user with user name: jama_darma
2021-07-26 12:16:24,017 INFO [http-nio-8080-exec-8] com.aziarets.vividapp.dao.BotUserDaoImpl Get user by user name : jama_darma
2021-07-26 12:16:24,022 INFO [http-nio-8080-exec-8] com.aziarets.vividapp.dao.BotUserDaoImpl Returning result - user by user name: jama_darma
2021-07-26 12:16:24,023 INFO [http-nio-8080-exec-8] com.aziarets.vividapp.service.BotService Returning user with user name: jama_darma
2021-07-26 12:16:24,029 INFO [http-nio-8080-exec-8] com.aziarets.vividapp.service.BotService Get wishlist's gifts of user with id: 6
2021-07-26 12:16:24,034 INFO [http-nio-8080-exec-8] com.aziarets.vividapp.dao.GiftDaoImpl Get wishlist of user with id: 6
2021-07-26 12:16:24,045 INFO [http-nio-8080-exec-8] com.aziarets.vividapp.dao.GiftDaoImpl Returning result -  wishlist of user with id: 6
2021-07-26 12:16:24,050 INFO [http-nio-8080-exec-8] com.aziarets.vividapp.controller.WishListController Returning wish list page for jama_darma
2021-07-26 12:18:04,299 INFO [main] com.aziarets.vividapp.VividApp Starting VividApp using Java 14.0.1 on Comp with PID 4548 (C:\IdeaProjects\bot\target\classes started by Home in C:\IdeaProjects\bot)
2021-07-26 12:18:04,302 INFO [main] com.aziarets.vividapp.VividApp No active profile set, falling back to default profiles: default
2021-07-26 12:18:25,238 INFO [main] org.springframework.data.repository.config.RepositoryConfigurationDelegate Bootstrapping Spring Data JPA repositories in DEFAULT mode.
2021-07-26 12:18:26,389 INFO [main] org.springframework.data.repository.config.RepositoryConfigurationDelegate Finished Spring Data repository scanning in 1134 ms. Found 0 JPA repository interfaces.
2021-07-26 12:18:29,367 INFO [main] org.springframework.boot.web.embedded.tomcat.TomcatWebServer Tomcat initialized with port(s): 8080 (http)
2021-07-26 12:18:29,379 INFO [main] org.apache.coyote.http11.Http11NioProtocol Initializing ProtocolHandler ["http-nio-8080"]
2021-07-26 12:18:29,380 INFO [main] org.apache.catalina.core.StandardService Starting service [Tomcat]
2021-07-26 12:18:29,380 INFO [main] org.apache.catalina.core.StandardEngine Starting Servlet engine: [Apache Tomcat/9.0.48]
2021-07-26 12:18:29,561 INFO [main] org.apache.catalina.core.ContainerBase.[Tomcat].[localhost].[/] Initializing Spring embedded WebApplicationContext
2021-07-26 12:18:29,561 INFO [main] org.springframework.boot.web.servlet.context.ServletWebServerApplicationContext Root WebApplicationContext: initialization completed in 16856 ms
2021-07-26 12:18:30,103 INFO [MLog-Init-Reporter] com.mchange.v2.log.MLog MLog clients using slf4j logging.
2021-07-26 12:18:30,165 INFO [main] com.mchange.v2.c3p0.C3P0Registry Initializing c3p0-0.9.5.5 [built 11-December-2019 22:18:33 -0800; debug? true; trace: 10]
2021-07-26 12:18:30,266 INFO [main] org.flywaydb.core.internal.license.VersionPrinter Flyway Community Edition 7.10.0 by Redgate
2021-07-26 12:18:30,309 INFO [main] com.mchange.v2.c3p0.impl.AbstractPoolBackedDataSource Initializing c3p0 pool... com.mchange.v2.c3p0.ComboPooledDataSource [ acquireIncrement -> 3, acquireRetryAttempts -> 30, acquireRetryDelay -> 1000, autoCommitOnClose -> false, automaticTestTable -> null, breakAfterAcquireFailure -> false, checkoutTimeout -> 0, connectionCustomizerClassName -> null, connectionTesterClassName -> com.mchange.v2.c3p0.impl.DefaultConnectionTester, contextClassLoaderSource -> caller, dataSourceName -> 1hgekrbai1qqj9xmyq4pb6|40ce9049, debugUnreturnedConnectionStackTraces -> false, description -> null, driverClass -> org.postgresql.Driver, extensions -> {}, factoryClassLocation -> null, forceIgnoreUnresolvedTransactions -> false, forceSynchronousCheckins -> false, forceUseNamedDriverClass -> false, identityToken -> 1hgekrbai1qqj9xmyq4pb6|40ce9049, idleConnectionTestPeriod -> 0, initialPoolSize -> 3, jdbcUrl -> jdbc:postgresql://localhost/vivid, maxAdministrativeTaskTime -> 0, maxConnectionAge -> 0, maxIdleTime -> 0, maxIdleTimeExcessConnections -> 0, maxPoolSize -> 10, maxStatements -> 0, maxStatementsPerConnection -> 0, minPoolSize -> 3, numHelperThreads -> 3, preferredTestQuery -> null, privilegeSpawnedThreads -> false, properties -> {password=******, user=******}, propertyCycle -> 0, statementCacheNumDeferredCloseThreads -> 0, testConnectionOnCheckin -> false, testConnectionOnCheckout -> false, unreturnedConnectionTimeout -> 0, userOverrides -> {}, usesTraditionalReflectiveProxies -> false ]
2021-07-26 12:18:30,611 INFO [main] org.flywaydb.core.internal.database.base.BaseDatabaseType Database: jdbc:postgresql://localhost/vivid (PostgreSQL 13.2)
2021-07-26 12:18:30,686 INFO [main] org.flywaydb.core.internal.command.DbValidate Successfully validated 5 migrations (execution time 00:00.044s)
2021-07-26 12:18:30,700 INFO [main] org.flywaydb.core.internal.command.DbMigrate Current version of schema "public": 5
2021-07-26 12:18:30,702 INFO [main] org.flywaydb.core.internal.command.DbMigrate Schema "public" is up to date. No migration necessary.
2021-07-26 12:18:30,880 INFO [main] org.hibernate.Version HHH000412: Hibernate ORM core version 5.4.32.Final
2021-07-26 12:18:31,108 INFO [main] org.hibernate.annotations.common.Version HCANN000001: Hibernate Commons Annotations {5.1.2.Final}
2021-07-26 12:18:31,257 INFO [main] org.hibernate.dialect.Dialect HHH000400: Using dialect: org.hibernate.dialect.PostgreSQL10Dialect
2021-07-26 12:18:32,625 INFO [main] org.hibernate.engine.transaction.jta.platform.internal.JtaPlatformInitiator HHH000490: Using JtaPlatform implementation: [org.hibernate.engine.transaction.jta.platform.internal.NoJtaPlatform]
2021-07-26 12:18:32,733 WARN [main] org.springframework.boot.autoconfigure.orm.jpa.JpaBaseConfiguration$JpaWebConfiguration spring.jpa.open-in-view is enabled by default. Therefore, database queries may be performed during view rendering. Explicitly configure spring.jpa.open-in-view to disable this warning
2021-07-26 12:18:33,615 INFO [main] org.springframework.security.web.DefaultSecurityFilterChain Will secure any request with [org.springframework.security.web.context.request.async.WebAsyncManagerIntegrationFilter@7bc6b117, org.springframework.security.web.context.SecurityContextPersistenceFilter@2aac87ab, org.springframework.security.web.header.HeaderWriterFilter@2e5c7cd5, org.springframework.security.web.authentication.logout.LogoutFilter@22c0344e, org.springframework.security.web.authentication.UsernamePasswordAuthenticationFilter@7fdabb3b, org.springframework.security.web.savedrequest.RequestCacheAwareFilter@72c5064f, org.springframework.security.web.servletapi.SecurityContextHolderAwareRequestFilter@644f6e89, org.springframework.security.web.authentication.AnonymousAuthenticationFilter@2de07c57, org.springframework.security.web.session.SessionManagementFilter@5b74bb75, org.springframework.security.web.access.ExceptionTranslationFilter@3e4636c3, org.springframework.security.web.access.intercept.FilterSecurityInterceptor@26728255]
2021-07-26 12:18:34,119 INFO [main] org.apache.coyote.http11.Http11NioProtocol Starting ProtocolHandler ["http-nio-8080"]
2021-07-26 12:18:34,147 INFO [main] org.springframework.boot.web.embedded.tomcat.TomcatWebServer Tomcat started on port(s): 8080 (http) with context path ''
2021-07-26 12:18:34,167 INFO [main] com.aziarets.vividapp.VividApp Started VividApp in 43.301 seconds (JVM running for 84.718)
2021-07-26 12:18:35,665 INFO [http-nio-8080-exec-1] org.apache.catalina.core.ContainerBase.[Tomcat].[localhost].[/] Initializing Spring DispatcherServlet 'dispatcherServlet'
2021-07-26 12:18:35,666 INFO [http-nio-8080-exec-1] org.springframework.web.servlet.DispatcherServlet Initializing Servlet 'dispatcherServlet'
2021-07-26 12:18:35,668 INFO [http-nio-8080-exec-1] org.springframework.web.servlet.DispatcherServlet Completed initialization in 2 ms
2021-07-26 12:18:36,008 INFO [http-nio-8080-exec-1] com.aziarets.vividapp.controller.MainController Returning main page for anonymousUser
2021-07-26 12:18:43,453 INFO [http-nio-8080-exec-2] com.aziarets.vividapp.dao.BotUserDaoImpl Get user by user name : jama_darma
2021-07-26 12:18:43,644 INFO [http-nio-8080-exec-2] com.aziarets.vividapp.dao.BotUserDaoImpl Returning result - user by user name: jama_darma
2021-07-26 12:18:44,265 INFO [http-nio-8080-exec-7] com.aziarets.vividapp.service.BotService Searching user with user name: jama_darma
2021-07-26 12:18:44,266 INFO [http-nio-8080-exec-7] com.aziarets.vividapp.dao.BotUserDaoImpl Get user by user name : jama_darma
2021-07-26 12:18:44,271 INFO [http-nio-8080-exec-7] com.aziarets.vividapp.dao.BotUserDaoImpl Returning result - user by user name: jama_darma
2021-07-26 12:18:44,271 INFO [http-nio-8080-exec-7] com.aziarets.vividapp.service.BotService Returning user with user name: jama_darma
2021-07-26 12:18:44,275 INFO [http-nio-8080-exec-7] com.aziarets.vividapp.service.BotService Get wishlist's gifts of user with id: 6
2021-07-26 12:18:44,280 INFO [http-nio-8080-exec-7] com.aziarets.vividapp.dao.GiftDaoImpl Get wishlist of user with id: 6
2021-07-26 12:18:44,287 INFO [http-nio-8080-exec-7] com.aziarets.vividapp.dao.GiftDaoImpl Returning result -  wishlist of user with id: 6
2021-07-26 12:18:44,292 INFO [http-nio-8080-exec-7] com.aziarets.vividapp.controller.WishListController Returning wish list page for jama_darma
2021-07-26 12:20:25,918 INFO [main] com.aziarets.vividapp.VividApp Starting VividApp using Java 14.0.1 on Comp with PID 8808 (C:\IdeaProjects\bot\target\classes started by Home in C:\IdeaProjects\bot)
2021-07-26 12:20:25,935 INFO [main] com.aziarets.vividapp.VividApp No active profile set, falling back to default profiles: default
2021-07-26 12:20:27,165 INFO [main] org.springframework.data.repository.config.RepositoryConfigurationDelegate Bootstrapping Spring Data JPA repositories in DEFAULT mode.
2021-07-26 12:20:27,200 INFO [main] org.springframework.data.repository.config.RepositoryConfigurationDelegate Finished Spring Data repository scanning in 22 ms. Found 0 JPA repository interfaces.
2021-07-26 12:20:27,967 INFO [main] org.springframework.boot.web.embedded.tomcat.TomcatWebServer Tomcat initialized with port(s): 8080 (http)
2021-07-26 12:20:27,979 INFO [main] org.apache.coyote.http11.Http11NioProtocol Initializing ProtocolHandler ["http-nio-8080"]
2021-07-26 12:20:27,980 INFO [main] org.apache.catalina.core.StandardService Starting service [Tomcat]
2021-07-26 12:20:27,981 INFO [main] org.apache.catalina.core.StandardEngine Starting Servlet engine: [Apache Tomcat/9.0.48]
2021-07-26 12:20:28,188 INFO [main] org.apache.catalina.core.ContainerBase.[Tomcat].[localhost].[/] Initializing Spring embedded WebApplicationContext
2021-07-26 12:20:28,189 INFO [main] org.springframework.boot.web.servlet.context.ServletWebServerApplicationContext Root WebApplicationContext: initialization completed in 2160 ms
2021-07-26 12:20:28,674 INFO [MLog-Init-Reporter] com.mchange.v2.log.MLog MLog clients using slf4j logging.
2021-07-26 12:20:28,728 INFO [main] com.mchange.v2.c3p0.C3P0Registry Initializing c3p0-0.9.5.5 [built 11-December-2019 22:18:33 -0800; debug? true; trace: 10]
2021-07-26 12:20:28,827 INFO [main] org.flywaydb.core.internal.license.VersionPrinter Flyway Community Edition 7.10.0 by Redgate
2021-07-26 12:20:28,871 INFO [main] com.mchange.v2.c3p0.impl.AbstractPoolBackedDataSource Initializing c3p0 pool... com.mchange.v2.c3p0.ComboPooledDataSource [ acquireIncrement -> 3, acquireRetryAttempts -> 30, acquireRetryDelay -> 1000, autoCommitOnClose -> false, automaticTestTable -> null, breakAfterAcquireFailure -> false, checkoutTimeout -> 0, connectionCustomizerClassName -> null, connectionTesterClassName -> com.mchange.v2.c3p0.impl.DefaultConnectionTester, contextClassLoaderSource -> caller, dataSourceName -> 1hgekrbai1qqltf0yz1uk3|4ea17147, debugUnreturnedConnectionStackTraces -> false, description -> null, driverClass -> org.postgresql.Driver, extensions -> {}, factoryClassLocation -> null, forceIgnoreUnresolvedTransactions -> false, forceSynchronousCheckins -> false, forceUseNamedDriverClass -> false, identityToken -> 1hgekrbai1qqltf0yz1uk3|4ea17147, idleConnectionTestPeriod -> 0, initialPoolSize -> 3, jdbcUrl -> jdbc:postgresql://localhost/vivid, maxAdministrativeTaskTime -> 0, maxConnectionAge -> 0, maxIdleTime -> 0, maxIdleTimeExcessConnections -> 0, maxPoolSize -> 10, maxStatements -> 0, maxStatementsPerConnection -> 0, minPoolSize -> 3, numHelperThreads -> 3, preferredTestQuery -> null, privilegeSpawnedThreads -> false, properties -> {password=******, user=******}, propertyCycle -> 0, statementCacheNumDeferredCloseThreads -> 0, testConnectionOnCheckin -> false, testConnectionOnCheckout -> false, unreturnedConnectionTimeout -> 0, userOverrides -> {}, usesTraditionalReflectiveProxies -> false ]
2021-07-26 12:20:29,138 INFO [main] org.flywaydb.core.internal.database.base.BaseDatabaseType Database: jdbc:postgresql://localhost/vivid (PostgreSQL 13.2)
2021-07-26 12:20:29,220 INFO [main] org.flywaydb.core.internal.command.DbValidate Successfully validated 5 migrations (execution time 00:00.050s)
2021-07-26 12:20:29,234 INFO [main] org.flywaydb.core.internal.command.DbMigrate Current version of schema "public": 5
2021-07-26 12:20:29,236 INFO [main] org.flywaydb.core.internal.command.DbMigrate Schema "public" is up to date. No migration necessary.
2021-07-26 12:20:29,361 INFO [main] org.hibernate.Version HHH000412: Hibernate ORM core version 5.4.32.Final
2021-07-26 12:20:29,588 INFO [main] org.hibernate.annotations.common.Version HCANN000001: Hibernate Commons Annotations {5.1.2.Final}
2021-07-26 12:20:29,752 INFO [main] org.hibernate.dialect.Dialect HHH000400: Using dialect: org.hibernate.dialect.PostgreSQL10Dialect
2021-07-26 12:20:30,868 INFO [main] org.hibernate.engine.transaction.jta.platform.internal.JtaPlatformInitiator HHH000490: Using JtaPlatform implementation: [org.hibernate.engine.transaction.jta.platform.internal.NoJtaPlatform]
2021-07-26 12:20:30,994 WARN [main] org.springframework.boot.autoconfigure.orm.jpa.JpaBaseConfiguration$JpaWebConfiguration spring.jpa.open-in-view is enabled by default. Therefore, database queries may be performed during view rendering. Explicitly configure spring.jpa.open-in-view to disable this warning
2021-07-26 12:20:31,863 INFO [main] org.springframework.security.web.DefaultSecurityFilterChain Will secure any request with [org.springframework.security.web.context.request.async.WebAsyncManagerIntegrationFilter@7bc6b117, org.springframework.security.web.context.SecurityContextPersistenceFilter@2aac87ab, org.springframework.security.web.header.HeaderWriterFilter@2e5c7cd5, org.springframework.security.web.authentication.logout.LogoutFilter@22c0344e, org.springframework.security.web.authentication.UsernamePasswordAuthenticationFilter@7fdabb3b, org.springframework.security.web.savedrequest.RequestCacheAwareFilter@72c5064f, org.springframework.security.web.servletapi.SecurityContextHolderAwareRequestFilter@644f6e89, org.springframework.security.web.authentication.AnonymousAuthenticationFilter@2de07c57, org.springframework.security.web.session.SessionManagementFilter@5b74bb75, org.springframework.security.web.access.ExceptionTranslationFilter@3e4636c3, org.springframework.security.web.access.intercept.FilterSecurityInterceptor@26728255]
2021-07-26 12:20:32,365 INFO [main] org.apache.coyote.http11.Http11NioProtocol Starting ProtocolHandler ["http-nio-8080"]
2021-07-26 12:20:32,397 INFO [main] org.springframework.boot.web.embedded.tomcat.TomcatWebServer Tomcat started on port(s): 8080 (http) with context path ''
2021-07-26 12:20:32,423 INFO [main] com.aziarets.vividapp.VividApp Started VividApp in 7.294 seconds (JVM running for 10.336)
2021-07-26 12:20:35,684 INFO [http-nio-8080-exec-1] org.apache.catalina.core.ContainerBase.[Tomcat].[localhost].[/] Initializing Spring DispatcherServlet 'dispatcherServlet'
2021-07-26 12:20:35,684 INFO [http-nio-8080-exec-1] org.springframework.web.servlet.DispatcherServlet Initializing Servlet 'dispatcherServlet'
2021-07-26 12:20:35,686 INFO [http-nio-8080-exec-1] org.springframework.web.servlet.DispatcherServlet Completed initialization in 1 ms
2021-07-26 12:20:35,831 INFO [http-nio-8080-exec-1] com.aziarets.vividapp.controller.MainController Returning main page for anonymousUser
2021-07-26 12:20:51,788 INFO [http-nio-8080-exec-8] com.aziarets.vividapp.dao.BotUserDaoImpl Get user by user name : jama_darma
2021-07-26 12:20:52,000 INFO [http-nio-8080-exec-8] com.aziarets.vividapp.dao.BotUserDaoImpl Returning result - user by user name: jama_darma
2021-07-26 12:20:52,668 INFO [http-nio-8080-exec-10] com.aziarets.vividapp.service.BotService Searching user with user name: jama_darma
2021-07-26 12:20:52,668 INFO [http-nio-8080-exec-10] com.aziarets.vividapp.dao.BotUserDaoImpl Get user by user name : jama_darma
2021-07-26 12:20:52,675 INFO [http-nio-8080-exec-10] com.aziarets.vividapp.dao.BotUserDaoImpl Returning result - user by user name: jama_darma
2021-07-26 12:20:52,676 INFO [http-nio-8080-exec-10] com.aziarets.vividapp.service.BotService Returning user with user name: jama_darma
2021-07-26 12:20:52,680 INFO [http-nio-8080-exec-10] com.aziarets.vividapp.service.BotService Get wishlist's gifts of user with id: 6
2021-07-26 12:20:52,685 INFO [http-nio-8080-exec-10] com.aziarets.vividapp.dao.GiftDaoImpl Get wishlist of user with id: 6
2021-07-26 12:20:52,691 INFO [http-nio-8080-exec-10] com.aziarets.vividapp.dao.GiftDaoImpl Returning result -  wishlist of user with id: 6
2021-07-26 12:20:52,696 INFO [http-nio-8080-exec-10] com.aziarets.vividapp.controller.WishListController Returning wish list page for jama_darma
2021-07-26 12:21:50,377 INFO [http-nio-8080-exec-7] com.aziarets.vividapp.controller.WishListController Returning update gift form for user jama_darma, updated gift id: 48
2021-07-26 12:21:50,380 INFO [http-nio-8080-exec-7] com.aziarets.vividapp.service.BotService Searching gift holder by gift with id: 48
2021-07-26 12:21:50,381 INFO [http-nio-8080-exec-7] com.aziarets.vividapp.dao.BotUserDaoImpl Searching gift holder by gift id : 48
2021-07-26 12:21:50,411 INFO [http-nio-8080-exec-7] com.aziarets.vividapp.dao.BotUserDaoImpl Returning gift holder by gift id: 48, found user - jama_darma
2021-07-26 12:21:50,411 INFO [http-nio-8080-exec-7] com.aziarets.vividapp.service.BotService Returning gift holder by gift with id: 48
2021-07-26 12:21:50,413 INFO [http-nio-8080-exec-7] com.aziarets.vividapp.service.BotService Searching gift with id: 48
2021-07-26 12:21:50,414 INFO [http-nio-8080-exec-7] com.aziarets.vividapp.dao.GiftDaoImpl Get gift by id: 48
2021-07-26 12:21:50,419 INFO [http-nio-8080-exec-7] com.aziarets.vividapp.service.BotService Returning gift with id: 48
2021-07-26 12:21:59,091 INFO [http-nio-8080-exec-9] com.aziarets.vividapp.controller.WishListController Handling updating gift request for user jama_darma, updated gift id: 48
2021-07-26 12:21:59,091 INFO [http-nio-8080-exec-9] com.aziarets.vividapp.service.BotService Searching gift with id: 48
2021-07-26 12:21:59,091 INFO [http-nio-8080-exec-9] com.aziarets.vividapp.dao.GiftDaoImpl Get gift by id: 48
2021-07-26 12:21:59,096 INFO [http-nio-8080-exec-9] com.aziarets.vividapp.service.BotService Returning gift with id: 48
2021-07-26 12:21:59,097 INFO [http-nio-8080-exec-9] com.aziarets.vividapp.service.BotService Searching gift holder by gift with id: 48
2021-07-26 12:21:59,098 INFO [http-nio-8080-exec-9] com.aziarets.vividapp.dao.BotUserDaoImpl Searching gift holder by gift id : 48
2021-07-26 12:21:59,107 INFO [http-nio-8080-exec-9] com.aziarets.vividapp.dao.BotUserDaoImpl Returning gift holder by gift id: 48, found user - jama_darma
2021-07-26 12:21:59,107 INFO [http-nio-8080-exec-9] com.aziarets.vividapp.service.BotService Returning gift holder by gift with id: 48
2021-07-26 12:21:59,108 INFO [http-nio-8080-exec-9] com.aziarets.vividapp.util.PhotoManager Create link to photo of gift with id : 48
2021-07-26 12:21:59,112 INFO [http-nio-8080-exec-9] com.aziarets.vividapp.util.PhotoManager Uploading file with name: Koala.jpg11173608829392299557
2021-07-26 12:22:05,941 INFO [http-nio-8080-exec-9] com.aziarets.vividapp.util.PhotoManager Return link to photo of gift with id : 48
2021-07-26 12:22:05,974 INFO [http-nio-8080-exec-9] com.aziarets.vividapp.service.BotService Update gift with id: 48
2021-07-26 12:22:05,974 INFO [http-nio-8080-exec-9] com.aziarets.vividapp.dao.GiftDaoImpl Updating gift with gift id 48
2021-07-26 12:22:05,982 INFO [http-nio-8080-exec-9] com.aziarets.vividapp.controller.WishListController Gift with id 48 updated to user jama_darma
2021-07-26 12:22:05,998 INFO [http-nio-8080-exec-2] com.aziarets.vividapp.service.BotService Searching user with user name: jama_darma
2021-07-26 12:22:05,999 INFO [http-nio-8080-exec-2] com.aziarets.vividapp.dao.BotUserDaoImpl Get user by user name : jama_darma
2021-07-26 12:22:06,005 INFO [http-nio-8080-exec-2] com.aziarets.vividapp.dao.BotUserDaoImpl Returning result - user by user name: jama_darma
2021-07-26 12:22:06,005 INFO [http-nio-8080-exec-2] com.aziarets.vividapp.service.BotService Returning user with user name: jama_darma
2021-07-26 12:22:06,006 INFO [http-nio-8080-exec-2] com.aziarets.vividapp.service.BotService Get wishlist's gifts of user with id: 6
2021-07-26 12:22:06,007 INFO [http-nio-8080-exec-2] com.aziarets.vividapp.dao.GiftDaoImpl Get wishlist of user with id: 6
2021-07-26 12:22:06,007 INFO [http-nio-8080-exec-2] com.aziarets.vividapp.dao.GiftDaoImpl Returning result -  wishlist of user with id: 6
2021-07-26 12:22:06,012 INFO [http-nio-8080-exec-2] com.aziarets.vividapp.controller.WishListController Returning wish list page for jama_darma
2021-07-26 12:22:11,983 INFO [http-nio-8080-exec-5] com.aziarets.vividapp.controller.WishListController Handling deleting gift request for user jama_darma, deleted gift id: 50
2021-07-26 12:22:11,983 INFO [http-nio-8080-exec-5] com.aziarets.vividapp.service.BotService Searching gift with id: 50
2021-07-26 12:22:11,983 INFO [http-nio-8080-exec-5] com.aziarets.vividapp.dao.GiftDaoImpl Get gift by id: 50
2021-07-26 12:22:11,989 INFO [http-nio-8080-exec-5] com.aziarets.vividapp.service.BotService Returning gift with id: 50
2021-07-26 12:22:11,990 INFO [http-nio-8080-exec-5] com.aziarets.vividapp.service.BotService Searching gift holder by gift with id: 50
2021-07-26 12:22:11,990 INFO [http-nio-8080-exec-5] com.aziarets.vividapp.dao.BotUserDaoImpl Searching gift holder by gift id : 50
2021-07-26 12:22:11,996 INFO [http-nio-8080-exec-5] com.aziarets.vividapp.dao.BotUserDaoImpl Returning gift holder by gift id: 50, found user - jama_darma
2021-07-26 12:22:11,996 INFO [http-nio-8080-exec-5] com.aziarets.vividapp.service.BotService Returning gift holder by gift with id: 50
2021-07-26 12:22:11,998 INFO [http-nio-8080-exec-5] com.aziarets.vividapp.service.BotService Deleting gift with id: 50
2021-07-26 12:22:11,998 INFO [http-nio-8080-exec-5] com.aziarets.vividapp.dao.GiftDaoImpl Get gift by id: 50
2021-07-26 12:22:11,998 INFO [http-nio-8080-exec-5] com.aziarets.vividapp.util.PhotoManager Deleting photo of gift with id: 50
2021-07-26 12:22:11,998 INFO [http-nio-8080-exec-5] com.aziarets.vividapp.util.PhotoManager Gift with id: 50 doesn't have a photo. Return
2021-07-26 12:22:11,999 INFO [http-nio-8080-exec-5] com.aziarets.vividapp.dao.GiftDaoImpl Deleting gift with gift id 50
2021-07-26 12:22:12,017 INFO [http-nio-8080-exec-5] com.aziarets.vividapp.controller.WishListController Gift with id 50 deleted to user jama_darma
2021-07-26 12:22:12,024 INFO [http-nio-8080-exec-10] com.aziarets.vividapp.service.BotService Searching user with user name: jama_darma
2021-07-26 12:22:12,024 INFO [http-nio-8080-exec-10] com.aziarets.vividapp.dao.BotUserDaoImpl Get user by user name : jama_darma
2021-07-26 12:22:12,029 INFO [http-nio-8080-exec-10] com.aziarets.vividapp.dao.BotUserDaoImpl Returning result - user by user name: jama_darma
2021-07-26 12:22:12,029 INFO [http-nio-8080-exec-10] com.aziarets.vividapp.service.BotService Returning user with user name: jama_darma
2021-07-26 12:22:12,030 INFO [http-nio-8080-exec-10] com.aziarets.vividapp.service.BotService Get wishlist's gifts of user with id: 6
2021-07-26 12:22:12,030 INFO [http-nio-8080-exec-10] com.aziarets.vividapp.dao.GiftDaoImpl Get wishlist of user with id: 6
2021-07-26 12:22:12,030 INFO [http-nio-8080-exec-10] com.aziarets.vividapp.dao.GiftDaoImpl Returning result -  wishlist of user with id: 6
2021-07-26 12:22:12,033 INFO [http-nio-8080-exec-10] com.aziarets.vividapp.controller.WishListController Returning wish list page for jama_darma
2021-07-26 12:52:55,102 INFO [http-nio-8080-exec-8] com.aziarets.vividapp.controller.MainController Returning main page for anonymousUser
